<?xml version="1.0" encoding="UTF-8"?>
<!-- Generated by org.testng.reporters.JUnitXMLReporter -->
<testsuite ignored="0" hostname="DESKTOP-L9LVG34" failures="0" tests="2" name="Test" time="4.542" errors="0" timestamp="2023-03-04T23:55:23 IST">
  <testcase classname="com.INB.tests.BaseTest" name="@BeforeMethod setUp" time="2.968">
    <failure type="org.openqa.selenium.SessionNotCreatedException" message="session not created: This version of ChromeDriver only supports Chrome version 105
Current browser version is 110.0.5481.178 with binary path C:\Program Files\Google\Chrome\Application\chrome.exe
Build info: version: &amp;apos;3.141.59&amp;apos;, revision: &amp;apos;e82be7d358&amp;apos;, time: &amp;apos;2018-11-14T08:17:03&amp;apos;
System info: host: &amp;apos;DESKTOP-L9LVG34&amp;apos;, ip: &amp;apos;192.168.0.100&amp;apos;, os.name: &amp;apos;Windows 10&amp;apos;, os.arch: &amp;apos;amd64&amp;apos;, os.version: &amp;apos;10.0&amp;apos;, java.version: &amp;apos;17.0.4.1&amp;apos;
Driver info: driver.version: Driver
remote stacktrace: Backtrace:
	Ordinal0 [0x0063DF13+2219795]
	Ordinal0 [0x005D2841+1779777]
	Ordinal0 [0x004E423D+803389]
	Ordinal0 [0x005064AC+943276]
	Ordinal0 [0x005019F0+924144]
	Ordinal0 [0x004FF179+913785]
	Ordinal0 [0x005336B9+1128121]
	Ordinal0 [0x0053331A+1127194]
	Ordinal0 [0x0052E616+1107478]
	Ordinal0 [0x00507F89+950153]
	Ordinal0 [0x00508F56+954198]
	GetHandleVerifier [0x00932CB2+3040210]
	GetHandleVerifier [0x00922BB4+2974420]
	GetHandleVerifier [0x006D6A0A+565546]
	GetHandleVerifier [0x006D5680+560544]
	Ordinal0 [0x005D9A5C+1808988]
	Ordinal0 [0x005DE3A8+1827752]
	Ordinal0 [0x005DE495+1827989]
	Ordinal0 [0x005E80A4+1867940]
	BaseThreadInitThunk [0x76B200F9+25]
	RtlGetAppContainerNamedObjectPath [0x77347BBE+286]
	RtlGetAppContainerNamedObjectPath [0x77347B8E+238]
">
      <![CDATA[org.openqa.selenium.SessionNotCreatedException: session not created: This version of ChromeDriver only supports Chrome version 105
Current browser version is 110.0.5481.178 with binary path C:\Program Files\Google\Chrome\Application\chrome.exe
Build info: version: '3.141.59', revision: 'e82be7d358', time: '2018-11-14T08:17:03'
System info: host: 'DESKTOP-L9LVG34', ip: '192.168.0.100', os.name: 'Windows 10', os.arch: 'amd64', os.version: '10.0', java.version: '17.0.4.1'
Driver info: driver.version: Driver
remote stacktrace: Backtrace:
Ordinal0 [0x0063DF13+2219795]
Ordinal0 [0x005D2841+1779777]
Ordinal0 [0x004E423D+803389]
Ordinal0 [0x005064AC+943276]
Ordinal0 [0x005019F0+924144]
Ordinal0 [0x004FF179+913785]
Ordinal0 [0x005336B9+1128121]
Ordinal0 [0x0053331A+1127194]
Ordinal0 [0x0052E616+1107478]
Ordinal0 [0x00507F89+950153]
Ordinal0 [0x00508F56+954198]
GetHandleVerifier [0x00932CB2+3040210]
GetHandleVerifier [0x00922BB4+2974420]
GetHandleVerifier [0x006D6A0A+565546]
GetHandleVerifier [0x006D5680+560544]
Ordinal0 [0x005D9A5C+1808988]
Ordinal0 [0x005DE3A8+1827752]
Ordinal0 [0x005DE495+1827989]
Ordinal0 [0x005E80A4+1867940]
BaseThreadInitThunk [0x76B200F9+25]
RtlGetAppContainerNamedObjectPath [0x77347BBE+286]
RtlGetAppContainerNamedObjectPath [0x77347B8E+238]

at org.openqa.selenium.remote.W3CHandshakeResponse.lambda$errorHandler$0(W3CHandshakeResponse.java:62)
at org.openqa.selenium.remote.HandshakeResponse.lambda$getResponseFunction$0(HandshakeResponse.java:30)
at org.openqa.selenium.remote.ProtocolHandshake.lambda$createSession$0(ProtocolHandshake.java:126)
at java.base/java.util.stream.ReferencePipeline$3$1.accept(ReferencePipeline.java:197)
at java.base/java.util.Spliterators$ArraySpliterator.tryAdvance(Spliterators.java:1002)
at java.base/java.util.stream.ReferencePipeline.forEachWithCancel(ReferencePipeline.java:129)
at java.base/java.util.stream.AbstractPipeline.copyIntoWithCancel(AbstractPipeline.java:527)
at java.base/java.util.stream.AbstractPipeline.copyInto(AbstractPipeline.java:513)
at java.base/java.util.stream.AbstractPipeline.wrapAndCopyInto(AbstractPipeline.java:499)
at java.base/java.util.stream.FindOps$FindOp.evaluateSequential(FindOps.java:150)
at java.base/java.util.stream.AbstractPipeline.evaluate(AbstractPipeline.java:234)
at java.base/java.util.stream.ReferencePipeline.findFirst(ReferencePipeline.java:647)
at org.openqa.selenium.remote.ProtocolHandshake.createSession(ProtocolHandshake.java:128)
at org.openqa.selenium.remote.ProtocolHandshake.createSession(ProtocolHandshake.java:74)
at org.openqa.selenium.remote.HttpCommandExecutor.execute(HttpCommandExecutor.java:136)
at org.openqa.selenium.remote.service.DriverCommandExecutor.execute(DriverCommandExecutor.java:83)
at org.openqa.selenium.remote.RemoteWebDriver.execute(RemoteWebDriver.java:552)
at org.openqa.selenium.remote.RemoteWebDriver.startSession(RemoteWebDriver.java:213)
at org.openqa.selenium.remote.RemoteWebDriver.<init>(RemoteWebDriver.java:131)
at org.openqa.selenium.chrome.ChromeDriver.<init>(ChromeDriver.java:181)
at org.openqa.selenium.chrome.ChromeDriver.<init>(ChromeDriver.java:168)
at org.openqa.selenium.chrome.ChromeDriver.<init>(ChromeDriver.java:123)
at com.INB.driver.Driver.initDriver(Driver.java:23)
at com.INB.tests.BaseTest.setUp(BaseTest.java:27)
at java.base/java.util.concurrent.ThreadPoolExecutor.runWorker(ThreadPoolExecutor.java:1136)
at java.base/java.util.concurrent.ThreadPoolExecutor$Worker.run(ThreadPoolExecutor.java:635)
at java.base/java.lang.Thread.run(Thread.java:833)
... Removed 21 stack frames]]>
    </failure>
  </testcase> <!-- @BeforeMethod setUp -->
  <testcase classname="com.INB.tests.BaseTest" name="@AfterMethod tearDown" time="-1.677954322932E9">
    <skipped/>
  </testcase> <!-- @AfterMethod tearDown -->
  <testcase classname="com.INB.tests.BaseTest" name="@BeforeMethod setUp" time="-1.677954322938E9">
    <skipped/>
  </testcase> <!-- @BeforeMethod setUp -->
  <testcase classname="com.INB.tests.BaseTest" name="@AfterMethod tearDown" time="-1.677954322969E9">
    <skipped/>
  </testcase> <!-- @AfterMethod tearDown -->
  <testcase classname="com.INB.tests.TC_RetailLoginLogout" name="loginLogout" time="0.0">
    <skipped/>
  </testcase> <!-- loginLogout -->
  <testcase classname="com.INB.tests.TC_RetailLoginLogout" name="test1" time="0.0">
    <skipped/>
  </testcase> <!-- test1 -->
</testsuite> <!-- Test -->
